[debug] [2023-09-28T06:07:18.097Z] ----------------------------------------------------------------------
[debug] [2023-09-28T06:07:18.099Z] Command:       C:\Program Files\nodejs\node.exe C:\Users\manna\AppData\Roaming\npm\node_modules\firebase-tools\lib\bin\firebase.js init
[debug] [2023-09-28T06:07:18.100Z] CLI Version:   12.6.0
[debug] [2023-09-28T06:07:18.100Z] Platform:      win32
[debug] [2023-09-28T06:07:18.100Z] Node Version:  v16.17.1
[debug] [2023-09-28T06:07:18.105Z] Time:          Thu Sep 28 2023 11:37:18 GMT+0530 (India Standard Time)
[debug] [2023-09-28T06:07:18.105Z] ----------------------------------------------------------------------
[debug] 
[debug] [2023-09-28T06:07:18.208Z] > command requires scopes: ["email","openid","https://www.googleapis.com/auth/cloudplatformprojects.readonly","https://www.googleapis.com/auth/firebase","https://www.googleapis.com/auth/cloud-platform"]
[debug] [2023-09-28T06:07:18.209Z] > authorizing via signed-in user (iammanikandan.mannai@gmail.com)
[info] 
     ######## #### ########  ######## ########     ###     ######  ########
     ##        ##  ##     ## ##       ##     ##  ##   ##  ##       ##
     ######    ##  ########  ######   ########  #########  ######  ######
     ##        ##  ##    ##  ##       ##     ## ##     ##       ## ##
     ##       #### ##     ## ######## ########  ##     ##  ######  ########

You're about to initialize a Firebase project in this directory:

  C:\Users\manna\Desktop\portfolio

Before we get started, keep in mind:

  * You are initializing within an existing Firebase project directory

[info] 
=== Project Setup
[info] 
[info] First, let's associate this project directory with a Firebase project.
[info] You can create multiple project aliases by running firebase use --add, 
[info] but for now we'll just set up a default project.
[info] 
[debug] [2023-09-28T06:07:29.514Z] Using project from CLI flag: manikandan-portfolio-da483
[debug] [2023-09-28T06:07:29.517Z] >>> [apiv2][query] GET https://firebase.googleapis.com/v1beta1/projects/manikandan-portfolio-da483 [none]
[debug] [2023-09-28T06:07:31.889Z] <<< [apiv2][status] GET https://firebase.googleapis.com/v1beta1/projects/manikandan-portfolio-da483 200
[debug] [2023-09-28T06:07:31.889Z] <<< [apiv2][body] GET https://firebase.googleapis.com/v1beta1/projects/manikandan-portfolio-da483 {"projectId":"manikandan-portfolio-da483","projectNumber":"87745981559","displayName":"manikandan-portfolio","name":"projects/manikandan-portfolio-da483","resources":{"hostingSite":"manikandan-portfolio-da483"},"state":"ACTIVE","etag":"1_9411c4c8-5c21-4fbf-90ec-a10669e6313d"}
[info] i  Using project manikandan-portfolio-da483 (manikandan-portfolio) 
[info] 
=== Hosting:github Setup
[info] 
[info] i  Detected a .git folder at C:\Users\manna\Desktop\portfolio 
[info] i  Authorizing with GitHub to upload your service account to a GitHub repository's secrets store. 
[info] 
[info] Visit this URL on this device to log in:
[info] https://github.com/login/oauth/authorize?client_id=89cf50f02ac6aaed3484&state=845808480&redirect_uri=http%3A%2F%2Flocalhost%3A9005&scope=read%3Auser%20repo%20public_repo
[info] 
[info] Waiting for authentication...
[debug] [2023-09-28T06:07:33.520Z] >>> [apiv2][query] POST https://github.com/login/oauth/access_token [none]
[debug] [2023-09-28T06:07:33.520Z] >>> [apiv2][body] POST https://github.com/login/oauth/access_token [stream]
[debug] [2023-09-28T06:07:35.449Z] <<< [apiv2][status] POST https://github.com/login/oauth/access_token 200
[debug] [2023-09-28T06:07:35.449Z] <<< [apiv2][body] POST https://github.com/login/oauth/access_token {"access_token":"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","token_type":"bearer","scope":"read:user,repo"}
[debug] [2023-09-28T06:07:35.467Z] >>> [apiv2][query] GET https://api.github.com/user [none]
[debug] [2023-09-28T06:07:36.102Z] <<< [apiv2][status] GET https://api.github.com/user 200
[debug] [2023-09-28T06:07:36.102Z] <<< [apiv2][body] GET https://api.github.com/user {"login":"Manikandan-Mannai","id":80830747,"node_id":"MDQ6VXNlcjgwODMwNzQ3","avatar_url":"https://avatars.githubusercontent.com/u/80830747?v=4","gravatar_id":"","url":"https://api.github.com/users/Manikandan-Mannai","html_url":"https://github.com/Manikandan-Mannai","followers_url":"https://api.github.com/users/Manikandan-Mannai/followers","following_url":"https://api.github.com/users/Manikandan-Mannai/following{/other_user}","gists_url":"https://api.github.com/users/Manikandan-Mannai/gists{/gist_id}","starred_url":"https://api.github.com/users/Manikandan-Mannai/starred{/owner}{/repo}","subscriptions_url":"https://api.github.com/users/Manikandan-Mannai/subscriptions","organizations_url":"https://api.github.com/users/Manikandan-Mannai/orgs","repos_url":"https://api.github.com/users/Manikandan-Mannai/repos","events_url":"https://api.github.com/users/Manikandan-Mannai/events{/privacy}","received_events_url":"https://api.github.com/users/Manikandan-Mannai/received_events","type":"User","site_admin":false,"name":"Manikandan","company":null,"blog":"","location":null,"email":null,"hireable":null,"bio":"React developer | Freelancer  | Engineering-Student | Keep Learning ","twitter_username":null,"public_repos":13,"public_gists":0,"followers":5,"following":4,"created_at":"2021-03-17T12:47:29Z","updated_at":"2023-09-28T05:24:03Z","private_gists":0,"total_private_repos":0,"owned_private_repos":0,"disk_usage":20079,"collaborators":0,"two_factor_authentication":false,"plan":{"name":"free","space":976562499,"collaborators":0,"private_repos":10000}}
[info] 
[info] +  Success! Logged into GitHub as Manikandan-Mannai 
[info] 
